#
# A fatal error has been detected by the Java Runtime Environment:
#
#  Internal Error (exceptions.cpp:427), pid=23402, tid=0x0000000000003503
#  fatal error: ExceptionMark destructor expects no pending exceptions
#
# JRE version: Java(TM) SE Runtime Environment (8.0_144-b01) (build 1.8.0_144-b01)
# Java VM: Java HotSpot(TM) 64-Bit Server VM (25.144-b01 mixed mode bsd-amd64 compressed oops)
# Failed to write core dump. Core dumps have been disabled. To enable core dumping, try "ulimit -c unlimited" before starting Java again
#
# If you would like to submit a bug report, please visit:
#   http://bugreport.java.com/bugreport/crash.jsp
#

---------------  T H R E A D  ---------------

Current thread (0x00007fdf5e81d800):  JavaThread "Signal Dispatcher" daemon [_thread_in_vm, id=13571, stack(0x000070000a201000,0x000070000a301000)]

Stack: [0x000070000a201000,0x000070000a301000],  sp=0x000070000a300280,  free space=1020k
Native frames: (J=compiled Java code, j=interpreted, Vv=VM code, C=native code)
V  [libjvm.dylib+0x5b1ed6]  VMError::report_and_die()+0x3f8
V  [libjvm.dylib+0x1e8375]  report_vm_error(char const*, int, char const*, char const*)+0x54
V  [libjvm.dylib+0x2426af]  ExceptionMark::~ExceptionMark()+0x95
V  [libjvm.dylib+0xcbd93]  AttachListener::init()+0x261
V  [libjvm.dylib+0xccaf7]  AttachListener::is_init_trigger()+0xaf
V  [libjvm.dylib+0x48694f]  signal_thread_entry(JavaThread*, Thread*)+0x73
V  [libjvm.dylib+0x56c0b3]  JavaThread::thread_main_inner()+0x9b
V  [libjvm.dylib+0x56d7a0]  JavaThread::run()+0x1c2
V  [libjvm.dylib+0x48baee]  java_start(Thread*)+0xf6
C  [libsystem_pthread.dylib+0x6109]  _pthread_start+0x94
C  [libsystem_pthread.dylib+0x1b8b]  thread_start+0xf
C  0x0000000000000000


---------------  P R O C E S S  ---------------

Java Threads: ( => current thread )
  0x00007fdf61832000 JavaThread "Service Thread" daemon [_thread_blocked, id=15107, stack(0x000070000a710000,0x000070000a810000)]
  0x00007fdf61811800 JavaThread "C1 CompilerThread3" daemon [_thread_blocked, id=16387, stack(0x000070000a60d000,0x000070000a70d000)]
  0x00007fdf6081f000 JavaThread "C2 CompilerThread2" daemon [_thread_blocked, id=14595, stack(0x000070000a50a000,0x000070000a60a000)]
  0x00007fdf6081e000 JavaThread "C2 CompilerThread1" daemon [_thread_blocked, id=14339, stack(0x000070000a407000,0x000070000a507000)]
  0x00007fdf5e838800 JavaThread "C2 CompilerThread0" daemon [_thread_blocked, id=13827, stack(0x000070000a304000,0x000070000a404000)]
=>0x00007fdf5e81d800 JavaThread "Signal Dispatcher" daemon [_thread_in_vm, id=13571, stack(0x000070000a201000,0x000070000a301000)]
  0x00007fdf60009800 JavaThread "Finalizer" daemon [_thread_blocked, id=12291, stack(0x0000700009ff8000,0x000070000a0f8000)]
  0x00007fdf60819800 JavaThread "Reference Handler" daemon [_thread_blocked, id=19971, stack(0x0000700009ef5000,0x0000700009ff5000)]
  0x00007fdf6080b000 JavaThread "main" [_thread_blocked, id=3843, stack(0x00007000094d7000,0x00007000095d7000)]

Other Threads:
  0x00007fdf61020000 VMThread [stack: 0x0000700009df2000,0x0000700009ef2000] [id=12035]
  0x00007fdf6100e800 WatcherThread [stack: 0x000070000a813000,0x000070000a913000] [id=15875]

VM state:synchronizing (normal execution)

VM Mutex/Monitor currently owned by a thread:  ([mutex/lock_event])
[0x00007fdf5f006280] Threads_lock - owner thread: 0x00007fdf61020000
[0x00007fdf5f006780] Heap_lock - owner thread: 0x00007fdf6080b000

Heap:
 PSYoungGen      total 2560K, used 2047K [0x00000007bfd00000, 0x00000007c0000000, 0x00000007c0000000)
  eden space 2048K, 99% used [0x00000007bfd00000,0x00000007bfeffff8,0x00000007bff00000)
  from space 512K, 0% used [0x00000007bff80000,0x00000007bff80000,0x00000007c0000000)
  to   space 512K, 0% used [0x00000007bff00000,0x00000007bff00000,0x00000007bff80000)
 ParOldGen       total 7168K, used 7168K [0x00000007bf600000, 0x00000007bfd00000, 0x00000007bfd00000)
  object space 7168K, 100% used [0x00000007bf600000,0x00000007bfd00000,0x00000007bfd00000)
 Metaspace       used 2672K, capacity 4486K, committed 4864K, reserved 1056768K
  class space    used 287K, capacity 386K, committed 512K, reserved 1048576K

Card table byte_map: [0x000000010653f000,0x0000000106545000] byte_map_base: 0x0000000102744000

Marking Bits: (ParMarkBitMap*) 0x0000000107ef35d0
 Begin Bits: [0x0000000106549000, 0x0000000106571000)
 End Bits:   [0x0000000106571000, 0x0000000106599000)

Polling page: 0x00000001064ec000

CodeCache: size=245760Kb used=1178Kb max_used=1190Kb free=244581Kb
 bounds [0x000000010c7d7000, 0x000000010ca47000, 0x000000011b7d7000]
 total_blobs=298 nmethods=67 adapters=145
 compilation: enabled

Compilation events (10 events):
Event: 0.149 Thread 0x00007fdf6081f000 nmethod 63 0x000000010c8f7e50 code [0x000000010c8f7fa0, 0x000000010c8f8018]
Event: 0.149 Thread 0x00007fdf5e838800   64       4       java.lang.Integer::getChars (131 bytes)
Event: 0.150 Thread 0x00007fdf6081f000   65       4       java.lang.Integer::toString (48 bytes)
Event: 0.150 Thread 0x00007fdf6081e000 nmethod 62 0x000000010c8f7b90 code [0x000000010c8f7ce0, 0x000000010c8f7dd8]
Event: 0.156 Thread 0x00007fdf5e838800 nmethod 64 0x000000010c8fd250 code [0x000000010c8fd3c0, 0x000000010c8fd8b8]
Event: 0.160 Thread 0x00007fdf6081f000 nmethod 65 0x000000010c8fec90 code [0x000000010c8fee20, 0x000000010c8ff378]
Event: 0.160 Thread 0x00007fdf6081e000   66 % !   4       com.jvm.oom.GcOverheadDemo::main @ 10 (62 bytes)
Event: 0.319 Thread 0x00007fdf6081e000 nmethod 66% 0x000000010c9000d0 code [0x000000010c9002a0, 0x000000010c900b78]
Event: 0.380 Thread 0x00007fdf61811800   67       3       java.lang.String::valueOf (5 bytes)
Event: 0.380 Thread 0x00007fdf61811800 nmethod 67 0x000000010c8ffd50 code [0x000000010c8ffec0, 0x000000010c900028]

GC Heap History (10 events):
Event: 0.930 GC heap before
{Heap before GC invocations=23 (full 19):
 PSYoungGen      total 2560K, used 2047K [0x00000007bfd00000, 0x00000007c0000000, 0x00000007c0000000)
  eden space 2048K, 99% used [0x00000007bfd00000,0x00000007bfeffff8,0x00000007bff00000)
  from space 512K, 0% used [0x00000007bff80000,0x00000007bff80000,0x00000007c0000000)
  to   space 512K, 0% used [0x00000007bff00000,0x00000007bff00000,0x00000007bff80000)
 ParOldGen       total 7168K, used 7167K [0x00000007bf600000, 0x00000007bfd00000, 0x00000007bfd00000)
  object space 7168K, 99% used [0x00000007bf600000,0x00000007bfcffdf0,0x00000007bfd00000)
 Metaspace       used 2672K, capacity 4486K, committed 4864K, reserved 1056768K
  class space    used 287K, capacity 386K, committed 512K, reserved 1048576K
Event: 0.965 GC heap after
Heap after GC invocations=23 (full 19):
 PSYoungGen      total 2560K, used 2047K [0x00000007bfd00000, 0x00000007c0000000, 0x00000007c0000000)
  eden space 2048K, 99% used [0x00000007bfd00000,0x00000007bfeffff8,0x00000007bff00000)
  from space 512K, 0% used [0x00000007bff80000,0x00000007bff80000,0x00000007c0000000)
  to   space 512K, 0% used [0x00000007bff00000,0x00000007bff00000,0x00000007bff80000)
 ParOldGen       total 7168K, used 7167K [0x00000007bf600000, 0x00000007bfd00000, 0x00000007bfd00000)
  object space 7168K, 99% used [0x00000007bf600000,0x00000007bfcffdf0,0x00000007bfd00000)
 Metaspace       used 2672K, capacity 4486K, committed 4864K, reserved 1056768K
  class space    used 287K, capacity 386K, committed 512K, reserved 1048576K
}
Event: 0.965 GC heap before
{Heap before GC invocations=24 (full 20):
 PSYoungGen      total 2560K, used 2047K [0x00000007bfd00000, 0x00000007c0000000, 0x00000007c0000000)
  eden space 2048K, 99% used [0x00000007bfd00000,0x00000007bfeffff8,0x00000007bff00000)
  from space 512K, 0% used [0x00000007bff80000,0x00000007bff80000,0x00000007c0000000)
  to   space 512K, 0% used [0x00000007bff00000,0x00000007bff00000,0x00000007bff80000)
 ParOldGen       total 7168K, used 7168K [0x00000007bf600000, 0x00000007bfd00000, 0x00000007bfd00000)
  object space 7168K, 100% used [0x00000007bf600000,0x00000007bfd00000,0x00000007bfd00000)
 Metaspace       used 2672K, capacity 4486K, committed 4864K, reserved 1056768K
  class space    used 287K, capacity 386K, committed 512K, reserved 1048576K
Event: 0.998 GC heap after
Heap after GC invocations=24 (full 20):
 PSYoungGen      total 2560K, used 2047K [0x00000007bfd00000, 0x00000007c0000000, 0x00000007c0000000)
  eden space 2048K, 99% used [0x00000007bfd00000,0x00000007bfeffff8,0x00000007bff00000)
  from space 512K, 0% used [0x00000007bff80000,0x00000007bff80000,0x00000007c0000000)
  to   space 512K, 0% used [0x00000007bff00000,0x00000007bff00000,0x00000007bff80000)
 ParOldGen       total 7168K, used 7168K [0x00000007bf600000, 0x00000007bfd00000, 0x00000007bfd00000)
  object space 7168K, 100% used [0x00000007bf600000,0x00000007bfd00000,0x00000007bfd00000)
 Metaspace       used 2672K, capacity 4486K, committed 4864K, reserved 1056768K
  class space    used 287K, capacity 386K, committed 512K, reserved 1048576K
}
Event: 0.998 GC heap before
{Heap before GC invocations=25 (full 21):
 PSYoungGen      total 2560K, used 2047K [0x00000007bfd00000, 0x00000007c0000000, 0x00000007c0000000)
  eden space 2048K, 99% used [0x00000007bfd00000,0x00000007bfeffff8,0x00000007bff00000)
  from space 512K, 0% used [0x00000007bff80000,0x00000007bff80000,0x00000007c0000000)
  to   space 512K, 0% used [0x00000007bff00000,0x00000007bff00000,0x00000007bff80000)
 ParOldGen       total 7168K, used 7168K [0x00000007bf600000, 0x00000007bfd00000, 0x00000007bfd00000)
  object space 7168K, 100% used [0x00000007bf600000,0x00000007bfd00000,0x00000007bfd00000)
 Metaspace       used 2672K, capacity 4486K, committed 4864K, reserved 1056768K
  class space    used 287K, capacity 386K, committed 512K, reserved 1048576K
Event: 1.035 GC heap after
Heap after GC invocations=25 (full 21):
 PSYoungGen      total 2560K, used 2047K [0x00000007bfd00000, 0x00000007c0000000, 0x00000007c0000000)
  eden space 2048K, 99% used [0x00000007bfd00000,0x00000007bfeffff8,0x00000007bff00000)
  from space 512K, 0% used [0x00000007bff80000,0x00000007bff80000,0x00000007c0000000)
  to   space 512K, 0% used [0x00000007bff00000,0x00000007bff00000,0x00000007bff80000)
 ParOldGen       total 7168K, used 7168K [0x00000007bf600000, 0x00000007bfd00000, 0x00000007bfd00000)
  object space 7168K, 100% used [0x00000007bf600000,0x00000007bfd00000,0x00000007bfd00000)
 Metaspace       used 2672K, capacity 4486K, committed 4864K, reserved 1056768K
  class space    used 287K, capacity 386K, committed 512K, reserved 1048576K
}
Event: 1.035 GC heap before
{Heap before GC invocations=26 (full 22):
 PSYoungGen      total 2560K, used 2047K [0x00000007bfd00000, 0x00000007c0000000, 0x00000007c0000000)
  eden space 2048K, 99% used [0x00000007bfd00000,0x00000007bfeffff8,0x00000007bff00000)
  from space 512K, 0% used [0x00000007bff80000,0x00000007bff80000,0x00000007c0000000)
  to   space 512K, 0% used [0x00000007bff00000,0x00000007bff00000,0x00000007bff80000)
 ParOldGen       total 7168K, used 7168K [0x00000007bf600000, 0x00000007bfd00000, 0x00000007bfd00000)
  object space 7168K, 100% used [0x00000007bf600000,0x00000007bfd00000,0x00000007bfd00000)
 Metaspace       used 2672K, capacity 4486K, committed 4864K, reserved 1056768K
  class space    used 287K, capacity 386K, committed 512K, reserved 1048576K
Event: 1.069 GC heap after
Heap after GC invocations=26 (full 22):
 PSYoungGen      total 2560K, used 2047K [0x00000007bfd00000, 0x00000007c0000000, 0x00000007c0000000)
  eden space 2048K, 99% used [0x00000007bfd00000,0x00000007bfeffff8,0x00000007bff00000)
  from space 512K, 0% used [0x00000007bff80000,0x00000007bff80000,0x00000007c0000000)
  to   space 512K, 0% used [0x00000007bff00000,0x00000007bff00000,0x00000007bff80000)
 ParOldGen       total 7168K, used 7168K [0x00000007bf600000, 0x00000007bfd00000, 0x00000007bfd00000)
  object space 7168K, 100% used [0x00000007bf600000,0x00000007bfd00000,0x00000007bfd00000)
 Metaspace       used 2672K, capacity 4486K, committed 4864K, reserved 1056768K
  class space    used 287K, capacity 386K, committed 512K, reserved 1048576K
}
Event: 1.069 GC heap before
{Heap before GC invocations=27 (full 23):
 PSYoungGen      total 2560K, used 2047K [0x00000007bfd00000, 0x00000007c0000000, 0x00000007c0000000)
  eden space 2048K, 99% used [0x00000007bfd00000,0x00000007bfeffff8,0x00000007bff00000)
  from space 512K, 0% used [0x00000007bff80000,0x00000007bff80000,0x00000007c0000000)
  to   space 512K, 0% used [0x00000007bff00000,0x00000007bff00000,0x00000007bff80000)
 ParOldGen       total 7168K, used 7168K [0x00000007bf600000, 0x00000007bfd00000, 0x00000007bfd00000)
  object space 7168K, 100% used [0x00000007bf600000,0x00000007bfd00000,0x00000007bfd00000)
 Metaspace       used 2672K, capacity 4486K, committed 4864K, reserved 1056768K
  class space    used 287K, capacity 386K, committed 512K, reserved 1048576K
Event: 1.102 GC heap after
Heap after GC invocations=27 (full 23):
 PSYoungGen      total 2560K, used 2047K [0x00000007bfd00000, 0x00000007c0000000, 0x00000007c0000000)
  eden space 2048K, 99% used [0x00000007bfd00000,0x00000007bfeffff8,0x00000007bff00000)
  from space 512K, 0% used [0x00000007bff80000,0x00000007bff80000,0x00000007c0000000)
  to   space 512K, 0% used [0x00000007bff00000,0x00000007bff00000,0x00000007bff80000)
 ParOldGen       total 7168K, used 7168K [0x00000007bf600000, 0x00000007bfd00000, 0x00000007bfd00000)
  object space 7168K, 100% used [0x00000007bf600000,0x00000007bfd00000,0x00000007bfd00000)
 Metaspace       used 2672K, capacity 4486K, committed 4864K, reserved 1056768K
  class space    used 287K, capacity 386K, committed 512K, reserved 1048576K
}

Deoptimization events (3 events):
Event: 0.148 Thread 0x00007fdf6080b000 Uncommon trap: reason=unstable_if action=reinterpret pc=0x000000010c8f5358 method=java.lang.Integer.getChars(II[C)V @ 20
Event: 0.148 Thread 0x00007fdf6080b000 Uncommon trap: reason=unstable_if action=reinterpret pc=0x000000010c8f5c80 method=java.lang.Integer.getChars(II[C)V @ 20
Event: 0.380 Thread 0x00007fdf6080b000 Uncommon trap: reason=unstable_if action=reinterpret pc=0x000000010c8f6fd8 method=java.lang.Integer.getChars(II[C)V @ 20

Internal exceptions (4 events):
Event: 0.036 Thread 0x00007fdf6080b000 Exception <a 'java/lang/NoSuchMethodError': Method sun.misc.Unsafe.defineClass(Ljava/lang/String;[BII)Ljava/lang/Class; name or signature does not match> (0x00000007bfd07ca8) thrown at [/Users/java_re/workspace/8-2-build-macosx-x86_64/jdk8u144/9417/hotspo
Event: 0.036 Thread 0x00007fdf6080b000 Exception <a 'java/lang/NoSuchMethodError': Method sun.misc.Unsafe.prefetchRead(Ljava/lang/Object;J)V name or signature does not match> (0x00000007bfd07f90) thrown at [/Users/java_re/workspace/8-2-build-macosx-x86_64/jdk8u144/9417/hotspot/src/share/vm/pri
Event: 1.035 Thread 0x00007fdf6080b000 Exception <a 'java/lang/OutOfMemoryError'> (0x00000007bfbb11d0) thrown at [/Users/java_re/workspace/8-2-build-macosx-x86_64/jdk8u144/9417/hotspot/src/share/vm/gc_interface/collectedHeap.inline.hpp, line 159]
Event: 1.102 Thread 0x00007fdf5e81d800 Exception <a 'java/lang/OutOfMemoryError'> (0x00000007bfbc3b90) thrown at [/Users/java_re/workspace/8-2-build-macosx-x86_64/jdk8u144/9417/hotspot/src/share/vm/gc_interface/collectedHeap.inline.hpp, line 159]

Events (10 events):
Event: 0.930 Executing VM operation: ParallelGCFailedAllocation done
Event: 0.930 Executing VM operation: ParallelGCFailedAllocation
Event: 0.965 Executing VM operation: ParallelGCFailedAllocation done
Event: 0.965 Executing VM operation: ParallelGCFailedAllocation
Event: 1.035 Executing VM operation: ParallelGCFailedAllocation done
Event: 1.035 Thread 0x00007fdf6080b000 DEOPT PACKING pc=0x000000010c9007f4 sp=0x00007000095d69a0
Event: 1.035 Thread 0x00007fdf6080b000 DEOPT UNPACKING pc=0x000000010c81e633 sp=0x00007000095d6630 mode 1
Event: 1.035 Executing VM operation: ParallelGCFailedAllocation
Event: 1.102 Executing VM operation: ParallelGCFailedAllocation done
Event: 1.102 Executing VM operation: ParallelGCFailedAllocation


Dynamic libraries:
0x0000000003c97000 	/System/Library/Frameworks/Cocoa.framework/Versions/A/Cocoa
0x0000000003c97000 	/System/Library/Frameworks/Security.framework/Versions/A/Security
0x0000000003c97000 	/System/Library/Frameworks/ApplicationServices.framework/Versions/A/ApplicationServices
0x0000000003c97000 	/usr/lib/libz.1.dylib
0x0000000003c97000 	/usr/lib/libSystem.B.dylib
0x0000000003c97000 	/usr/lib/libobjc.A.dylib
0x0000000003c97000 	/System/Library/Frameworks/CoreFoundation.framework/Versions/A/CoreFoundation
0x0000000003c97000 	/System/Library/Frameworks/Foundation.framework/Versions/C/Foundation
0x0000000003c97000 	/System/Library/Frameworks/AppKit.framework/Versions/C/AppKit
0x0000000003c97000 	/System/Library/Frameworks/CoreData.framework/Versions/A/CoreData
0x0000000003c97000 	/System/Library/PrivateFrameworks/UIFoundation.framework/Versions/A/UIFoundation
0x0000000003c97000 	/System/Library/PrivateFrameworks/RemoteViewServices.framework/Versions/A/RemoteViewServices
0x0000000003c97000 	/System/Library/PrivateFrameworks/XCTTargetBootstrap.framework/Versions/A/XCTTargetBootstrap
0x0000000003c97000 	/System/Library/Frameworks/CoreDisplay.framework/Versions/A/CoreDisplay
0x0000000003c97000 	/System/Library/Frameworks/Metal.framework/Versions/A/Metal
0x0000000003c97000 	/System/Library/PrivateFrameworks/DesktopServicesPriv.framework/Versions/A/DesktopServicesPriv
0x0000000003c97000 	/usr/lib/liblangid.dylib
0x0000000003c97000 	/System/Library/PrivateFrameworks/CoreSVG.framework/Versions/A/CoreSVG
0x0000000003c97000 	/System/Library/PrivateFrameworks/SkyLight.framework/Versions/A/SkyLight
0x0000000003c97000 	/System/Library/Frameworks/CoreGraphics.framework/Versions/A/CoreGraphics
0x0000000003c97000 	/System/Library/Frameworks/Accelerate.framework/Versions/A/Accelerate
0x0000000003c97000 	/usr/lib/libxml2.2.dylib
0x0000000003c97000 	/System/Library/PrivateFrameworks/IconServices.framework/Versions/A/IconServices
0x0000000003c97000 	/System/Library/Frameworks/IOSurface.framework/Versions/A/IOSurface
0x0000000003c97000 	/usr/lib/libDiagnosticMessagesClient.dylib
0x0000000003c97000 	/System/Library/PrivateFrameworks/DFRFoundation.framework/Versions/A/DFRFoundation
0x0000000003c97000 	/usr/lib/libicucore.A.dylib
0x0000000003c97000 	/System/Library/Frameworks/AudioToolbox.framework/Versions/A/AudioToolbox
0x0000000003c97000 	/System/Library/Frameworks/AudioUnit.framework/Versions/A/AudioUnit
0x0000000003c97000 	/usr/lib/libauto.dylib
0x0000000003c97000 	/System/Library/PrivateFrameworks/DataDetectorsCore.framework/Versions/A/DataDetectorsCore
0x0000000003c97000 	/System/Library/Frameworks/Carbon.framework/Versions/A/Frameworks/HIToolbox.framework/Versions/A/HIToolbox
0x0000000003c97000 	/System/Library/Frameworks/QuartzCore.framework/Versions/A/QuartzCore
0x0000000003c97000 	/System/Library/Frameworks/Carbon.framework/Versions/A/Frameworks/SpeechRecognition.framework/Versions/A/SpeechRecognition
0x0000000003c97000 	/System/Library/PrivateFrameworks/CoreUI.framework/Versions/A/CoreUI
0x0000000003c97000 	/System/Library/Frameworks/CoreAudio.framework/Versions/A/CoreAudio
0x0000000003c97000 	/System/Library/Frameworks/DiskArbitration.framework/Versions/A/DiskArbitration
0x0000000003c97000 	/System/Library/PrivateFrameworks/MultitouchSupport.framework/Versions/A/MultitouchSupport
0x0000000003c97000 	/usr/lib/libenergytrace.dylib
0x0000000003c97000 	/System/Library/Frameworks/IOKit.framework/Versions/A/IOKit
0x0000000003c97000 	/System/Library/Frameworks/CoreServices.framework/Versions/A/CoreServices
0x0000000003c97000 	/System/Library/PrivateFrameworks/PerformanceAnalysis.framework/Versions/A/PerformanceAnalysis
0x0000000003c97000 	/System/Library/Frameworks/OpenGL.framework/Versions/A/OpenGL
0x0000000003c97000 	/System/Library/Frameworks/ColorSync.framework/Versions/A/ColorSync
0x0000000003c97000 	/System/Library/Frameworks/CoreImage.framework/Versions/A/CoreImage
0x0000000003c97000 	/System/Library/Frameworks/CoreText.framework/Versions/A/CoreText
0x0000000003c97000 	/System/Library/Frameworks/ImageIO.framework/Versions/A/ImageIO
0x0000000003c97000 	/usr/lib/libc++.1.dylib
0x0000000003c97000 	/usr/lib/libcompression.dylib
0x0000000003c97000 	/usr/lib/libMobileGestalt.dylib
0x0000000003c97000 	/System/Library/PrivateFrameworks/TextureIO.framework/Versions/A/TextureIO
0x0000000003c97000 	/usr/lib/libate.dylib
0x0000000003c97000 	/System/Library/PrivateFrameworks/InternationalSupport.framework/Versions/A/InternationalSupport
0x0000000003c97000 	/usr/lib/system/libcache.dylib
0x0000000003c97000 	/usr/lib/system/libcommonCrypto.dylib
0x0000000003c97000 	/usr/lib/system/libcompiler_rt.dylib
0x0000000003c97000 	/usr/lib/system/libcopyfile.dylib
0x0000000003c97000 	/usr/lib/system/libcorecrypto.dylib
0x0000000003c97000 	/usr/lib/system/libdispatch.dylib
0x0000000003c97000 	/usr/lib/system/libdyld.dylib
0x0000000003c97000 	/usr/lib/system/libkeymgr.dylib
0x0000000003c97000 	/usr/lib/system/liblaunch.dylib
0x0000000003c97000 	/usr/lib/system/libmacho.dylib
0x0000000003c97000 	/usr/lib/system/libquarantine.dylib
0x0000000003c97000 	/usr/lib/system/libremovefile.dylib
0x0000000003c97000 	/usr/lib/system/libsystem_asl.dylib
0x0000000003c97000 	/usr/lib/system/libsystem_blocks.dylib
0x0000000003c97000 	/usr/lib/system/libsystem_c.dylib
0x0000000003c97000 	/usr/lib/system/libsystem_configuration.dylib
0x0000000003c97000 	/usr/lib/system/libsystem_coreservices.dylib
0x0000000003c97000 	/usr/lib/system/libsystem_darwin.dylib
0x0000000003c97000 	/usr/lib/system/libsystem_dnssd.dylib
0x0000000003c97000 	/usr/lib/system/libsystem_featureflags.dylib
0x0000000003c97000 	/usr/lib/system/libsystem_info.dylib
0x0000000003c97000 	/usr/lib/system/libsystem_m.dylib
0x0000000003c97000 	/usr/lib/system/libsystem_malloc.dylib
0x0000000003c97000 	/usr/lib/system/libsystem_networkextension.dylib
0x0000000003c97000 	/usr/lib/system/libsystem_notify.dylib
0x0000000003c97000 	/usr/lib/system/libsystem_sandbox.dylib
0x0000000003c97000 	/usr/lib/system/libsystem_secinit.dylib
0x0000000003c97000 	/usr/lib/system/libsystem_kernel.dylib
0x0000000003c97000 	/usr/lib/system/libsystem_platform.dylib
0x0000000003c97000 	/usr/lib/system/libsystem_pthread.dylib
0x0000000003c97000 	/usr/lib/system/libsystem_symptoms.dylib
0x0000000003c97000 	/usr/lib/system/libsystem_trace.dylib
0x0000000003c97000 	/usr/lib/system/libunwind.dylib
0x0000000003c97000 	/usr/lib/system/libxpc.dylib
0x0000000003c97000 	/usr/lib/libc++abi.dylib
0x0000000003c97000 	/usr/lib/liblzma.5.dylib
0x0000000003c97000 	/usr/lib/libfakelink.dylib
0x0000000003c97000 	/usr/lib/libarchive.2.dylib
0x0000000003c97000 	/System/Library/Frameworks/SystemConfiguration.framework/Versions/A/SystemConfiguration
0x0000000003c97000 	/usr/lib/libCRFSuite.dylib
0x0000000003c97000 	/System/Library/Frameworks/CFNetwork.framework/Versions/A/CFNetwork
0x0000000003c97000 	/usr/lib/libbsm.0.dylib
0x0000000003c97000 	/usr/lib/system/libkxld.dylib
0x0000000003c97000 	/System/Library/PrivateFrameworks/AppleFSCompression.framework/Versions/A/AppleFSCompression
0x0000000003c97000 	/usr/lib/libcoretls.dylib
0x0000000003c97000 	/usr/lib/libcoretls_cfhelpers.dylib
0x0000000003c97000 	/usr/lib/libpam.2.dylib
0x0000000003c97000 	/usr/lib/libsqlite3.dylib
0x0000000003c97000 	/usr/lib/libxar.1.dylib
0x0000000003c97000 	/usr/lib/libbz2.1.0.dylib
0x0000000003c97000 	/usr/lib/libiconv.2.dylib
0x0000000003c97000 	/usr/lib/libcharset.1.dylib
0x0000000003c97000 	/usr/lib/libnetwork.dylib
0x0000000003c97000 	/usr/lib/libpcap.A.dylib
0x0000000003c97000 	/usr/lib/libapple_nghttp2.dylib
0x0000000003c97000 	/System/Library/Frameworks/CoreServices.framework/Versions/A/Frameworks/FSEvents.framework/Versions/A/FSEvents
0x0000000003c97000 	/System/Library/Frameworks/CoreServices.framework/Versions/A/Frameworks/CarbonCore.framework/Versions/A/CarbonCore
0x0000000003c97000 	/System/Library/Frameworks/CoreServices.framework/Versions/A/Frameworks/Metadata.framework/Versions/A/Metadata
0x0000000003c97000 	/System/Library/Frameworks/CoreServices.framework/Versions/A/Frameworks/OSServices.framework/Versions/A/OSServices
0x0000000003c97000 	/System/Library/Frameworks/CoreServices.framework/Versions/A/Frameworks/SearchKit.framework/Versions/A/SearchKit
0x0000000003c97000 	/System/Library/Frameworks/CoreServices.framework/Versions/A/Frameworks/AE.framework/Versions/A/AE
0x0000000003c97000 	/System/Library/Frameworks/CoreServices.framework/Versions/A/Frameworks/LaunchServices.framework/Versions/A/LaunchServices
0x0000000003c97000 	/System/Library/Frameworks/CoreServices.framework/Versions/A/Frameworks/DictionaryServices.framework/Versions/A/DictionaryServices
0x0000000003c97000 	/System/Library/Frameworks/CoreServices.framework/Versions/A/Frameworks/SharedFileList.framework/Versions/A/SharedFileList
0x0000000003c97000 	/System/Library/Frameworks/NetFS.framework/Versions/A/NetFS
0x0000000003c97000 	/System/Library/PrivateFrameworks/NetAuth.framework/Versions/A/NetAuth
0x0000000003c97000 	/System/Library/PrivateFrameworks/login.framework/Versions/A/Frameworks/loginsupport.framework/Versions/A/loginsupport
0x0000000003c97000 	/System/Library/PrivateFrameworks/TCC.framework/Versions/A/TCC
0x0000000003c97000 	/System/Library/PrivateFrameworks/CoreNLP.framework/Versions/A/CoreNLP
0x0000000003c97000 	/System/Library/PrivateFrameworks/MetadataUtilities.framework/Versions/A/MetadataUtilities
0x0000000003c97000 	/usr/lib/libmecabra.dylib
0x0000000003c97000 	/usr/lib/libmecab.dylib
0x0000000003c97000 	/usr/lib/libgermantok.dylib
0x0000000003c97000 	/usr/lib/libThaiTokenizer.dylib
0x0000000003c97000 	/usr/lib/libChineseTokenizer.dylib
0x0000000003c97000 	/System/Library/Frameworks/Accelerate.framework/Versions/A/Frameworks/vImage.framework/Versions/A/vImage
0x0000000003c97000 	/System/Library/Frameworks/Accelerate.framework/Versions/A/Frameworks/vecLib.framework/Versions/A/vecLib
0x0000000003c97000 	/System/Library/Frameworks/Accelerate.framework/Versions/A/Frameworks/vecLib.framework/Versions/A/libvMisc.dylib
0x0000000003c97000 	/System/Library/Frameworks/Accelerate.framework/Versions/A/Frameworks/vecLib.framework/Versions/A/libvDSP.dylib
0x0000000003c97000 	/System/Library/Frameworks/Accelerate.framework/Versions/A/Frameworks/vecLib.framework/Versions/A/libBLAS.dylib
0x0000000003c97000 	/System/Library/Frameworks/Accelerate.framework/Versions/A/Frameworks/vecLib.framework/Versions/A/libLAPACK.dylib
0x0000000003c97000 	/System/Library/Frameworks/Accelerate.framework/Versions/A/Frameworks/vecLib.framework/Versions/A/libLinearAlgebra.dylib
0x0000000003c97000 	/System/Library/Frameworks/Accelerate.framework/Versions/A/Frameworks/vecLib.framework/Versions/A/libSparseBLAS.dylib
0x0000000003c97000 	/System/Library/Frameworks/Accelerate.framework/Versions/A/Frameworks/vecLib.framework/Versions/A/libQuadrature.dylib
0x0000000003c97000 	/System/Library/Frameworks/Accelerate.framework/Versions/A/Frameworks/vecLib.framework/Versions/A/libBNNS.dylib
0x0000000003c97000 	/System/Library/Frameworks/Accelerate.framework/Versions/A/Frameworks/vecLib.framework/Versions/A/libSparse.dylib
0x0000000003c97000 	/System/Library/PrivateFrameworks/LanguageModeling.framework/Versions/A/LanguageModeling
0x0000000003c97000 	/System/Library/PrivateFrameworks/CoreEmoji.framework/Versions/A/CoreEmoji
0x0000000003c97000 	/System/Library/PrivateFrameworks/LinguisticData.framework/Versions/A/LinguisticData
0x0000000003c97000 	/System/Library/PrivateFrameworks/Lexicon.framework/Versions/A/Lexicon
0x0000000003c97000 	/usr/lib/libcmph.dylib
0x0000000003c97000 	/System/Library/Frameworks/OpenDirectory.framework/Versions/A/Frameworks/CFOpenDirectory.framework/Versions/A/CFOpenDirectory
0x0000000003c97000 	/System/Library/Frameworks/OpenDirectory.framework/Versions/A/OpenDirectory
0x0000000003c97000 	/System/Library/PrivateFrameworks/APFS.framework/Versions/A/APFS
0x0000000003c97000 	/System/Library/Frameworks/SecurityFoundation.framework/Versions/A/SecurityFoundation
0x0000000003c97000 	/usr/lib/libutil.dylib
0x0000000003c97000 	/System/Library/PrivateFrameworks/CoreServicesStore.framework/Versions/A/CoreServicesStore
0x0000000003c97000 	/System/Library/Frameworks/ServiceManagement.framework/Versions/A/ServiceManagement
0x0000000003c97000 	/System/Library/PrivateFrameworks/BackgroundTaskManagement.framework/Versions/A/BackgroundTaskManagement
0x0000000003c97000 	/usr/lib/libxslt.1.dylib
0x0000000003c97000 	/System/Library/PrivateFrameworks/AppleSystemInfo.framework/Versions/A/AppleSystemInfo
0x0000000003c97000 	/System/Library/Frameworks/ImageIO.framework/Versions/A/Resources/libJPEG.dylib
0x0000000003c97000 	/System/Library/Frameworks/ImageIO.framework/Versions/A/Resources/libTIFF.dylib
0x0000000003c97000 	/System/Library/Frameworks/ImageIO.framework/Versions/A/Resources/libPng.dylib
0x0000000003c97000 	/System/Library/Frameworks/ImageIO.framework/Versions/A/Resources/libGIF.dylib
0x0000000003c97000 	/System/Library/Frameworks/ImageIO.framework/Versions/A/Resources/libJP2.dylib
0x0000000003c97000 	/System/Library/Frameworks/ImageIO.framework/Versions/A/Resources/libRadiance.dylib
0x0000000003c97000 	/usr/lib/libexpat.1.dylib
0x0000000003c97000 	/System/Library/PrivateFrameworks/AppleJPEG.framework/Versions/A/AppleJPEG
0x0000000003c97000 	/System/Library/PrivateFrameworks/FontServices.framework/libFontParser.dylib
0x0000000003c97000 	/System/Library/PrivateFrameworks/WatchdogClient.framework/Versions/A/WatchdogClient
0x0000000003c97000 	/System/Library/PrivateFrameworks/IOAccelerator.framework/Versions/A/IOAccelerator
0x0000000003c97000 	/System/Library/Frameworks/MetalPerformanceShaders.framework/Versions/A/MetalPerformanceShaders
0x0000000003c97000 	/System/Library/PrivateFrameworks/GPUWrangler.framework/Versions/A/GPUWrangler
0x0000000003c97000 	/System/Library/PrivateFrameworks/IOPresentment.framework/Versions/A/IOPresentment
0x0000000003c97000 	/System/Library/PrivateFrameworks/DSExternalDisplay.framework/Versions/A/DSExternalDisplay
0x0000000003c97000 	/System/Library/Frameworks/OpenGL.framework/Versions/A/Libraries/libCoreFSCache.dylib
0x0000000003c97000 	/System/Library/Frameworks/MetalPerformanceShaders.framework/Frameworks/MPSCore.framework/Versions/A/MPSCore
0x0000000003c97000 	/System/Library/Frameworks/MetalPerformanceShaders.framework/Frameworks/MPSImage.framework/Versions/A/MPSImage
0x0000000003c97000 	/System/Library/Frameworks/MetalPerformanceShaders.framework/Frameworks/MPSNeuralNetwork.framework/Versions/A/MPSNeuralNetwork
0x0000000003c97000 	/System/Library/Frameworks/MetalPerformanceShaders.framework/Frameworks/MPSMatrix.framework/Versions/A/MPSMatrix
0x0000000003c97000 	/System/Library/Frameworks/MetalPerformanceShaders.framework/Frameworks/MPSRayIntersector.framework/Versions/A/MPSRayIntersector
0x0000000003c97000 	/System/Library/Frameworks/MetalPerformanceShaders.framework/Frameworks/MPSNDArray.framework/Versions/A/MPSNDArray
0x0000000003c97000 	/System/Library/PrivateFrameworks/MetalTools.framework/Versions/A/MetalTools
0x0000000003c97000 	/System/Library/PrivateFrameworks/AggregateDictionary.framework/Versions/A/AggregateDictionary
0x0000000003c97000 	/System/Library/PrivateFrameworks/CoreAnalytics.framework/Versions/A/CoreAnalytics
0x0000000003c97000 	/System/Library/PrivateFrameworks/AppleSauce.framework/Versions/A/AppleSauce
0x0000000003c97000 	/usr/lib/libIOReport.dylib
0x0000000003c97000 	/System/Library/Frameworks/CoreVideo.framework/Versions/A/CoreVideo
0x0000000003c97000 	/System/Library/PrivateFrameworks/GraphVisualizer.framework/Versions/A/GraphVisualizer
0x0000000003c97000 	/System/Library/PrivateFrameworks/FaceCore.framework/Versions/A/FaceCore
0x0000000003c97000 	/System/Library/Frameworks/OpenCL.framework/Versions/A/OpenCL
0x0000000003c97000 	/usr/lib/libFosl_dynamic.dylib
0x0000000003c97000 	/System/Library/PrivateFrameworks/OTSVG.framework/Versions/A/OTSVG
0x0000000003c97000 	/System/Library/Frameworks/ApplicationServices.framework/Versions/A/Frameworks/ATS.framework/Versions/A/Resources/libFontRegistry.dylib
0x0000000003c97000 	/System/Library/PrivateFrameworks/FontServices.framework/libhvf.dylib
0x0000000003c97000 	/System/Library/Frameworks/OpenGL.framework/Versions/A/Libraries/libGFXShared.dylib
0x0000000003c97000 	/System/Library/Frameworks/OpenGL.framework/Versions/A/Libraries/libGLU.dylib
0x0000000003c97000 	/System/Library/Frameworks/OpenGL.framework/Versions/A/Libraries/libGL.dylib
0x0000000003c97000 	/System/Library/Frameworks/OpenGL.framework/Versions/A/Libraries/libGLImage.dylib
0x0000000003c97000 	/System/Library/Frameworks/OpenGL.framework/Versions/A/Libraries/libCVMSPluginSupport.dylib
0x0000000003c97000 	/System/Library/Frameworks/OpenGL.framework/Versions/A/Libraries/libCoreVMClient.dylib
0x0000000003c97000 	/usr/lib/libncurses.5.4.dylib
0x0000000003c97000 	/System/Library/Frameworks/ApplicationServices.framework/Versions/A/Frameworks/ATS.framework/Versions/A/ATS
0x0000000003c97000 	/System/Library/Frameworks/ApplicationServices.framework/Versions/A/Frameworks/ColorSyncLegacy.framework/Versions/A/ColorSyncLegacy
0x0000000003c97000 	/System/Library/Frameworks/ApplicationServices.framework/Versions/A/Frameworks/HIServices.framework/Versions/A/HIServices
0x0000000003c97000 	/System/Library/Frameworks/ApplicationServices.framework/Versions/A/Frameworks/LangAnalysis.framework/Versions/A/LangAnalysis
0x0000000003c97000 	/System/Library/Frameworks/ApplicationServices.framework/Versions/A/Frameworks/PrintCore.framework/Versions/A/PrintCore
0x0000000003c97000 	/System/Library/Frameworks/ApplicationServices.framework/Versions/A/Frameworks/QD.framework/Versions/A/QD
0x0000000003c97000 	/System/Library/Frameworks/ApplicationServices.framework/Versions/A/Frameworks/SpeechSynthesis.framework/Versions/A/SpeechSynthesis
0x0000000003c97000 	/System/Library/Frameworks/ApplicationServices.framework/Versions/A/Frameworks/ATSUI.framework/Versions/A/ATSUI
0x0000000003c97000 	/usr/lib/libcups.2.dylib
0x0000000003c97000 	/System/Library/Frameworks/Kerberos.framework/Versions/A/Kerberos
0x0000000003c97000 	/System/Library/Frameworks/GSS.framework/Versions/A/GSS
0x0000000003c97000 	/usr/lib/libresolv.9.dylib
0x0000000003c97000 	/System/Library/PrivateFrameworks/Heimdal.framework/Versions/A/Heimdal
0x0000000003c97000 	/System/Library/Frameworks/Kerberos.framework/Versions/A/Libraries/libHeimdalProxy.dylib
0x0000000003c97000 	/usr/lib/libheimdal-asn1.dylib
0x0000000003c97000 	/System/Library/PrivateFrameworks/CommonAuth.framework/Versions/A/CommonAuth
0x0000000003c97000 	/System/Library/PrivateFrameworks/AssertionServices.framework/Versions/A/AssertionServices
0x0000000003c97000 	/System/Library/PrivateFrameworks/AudioToolboxCore.framework/Versions/A/AudioToolboxCore
0x0000000003c97000 	/System/Library/PrivateFrameworks/caulk.framework/Versions/A/caulk
0x0000000003c97000 	/System/Library/PrivateFrameworks/BaseBoard.framework/Versions/A/BaseBoard
0x0000000003c97000 	/System/Library/PrivateFrameworks/RunningBoardServices.framework/Versions/A/RunningBoardServices
0x0000000003c97000 	/System/Library/PrivateFrameworks/PersistentConnection.framework/Versions/A/PersistentConnection
0x0000000003c97000 	/System/Library/PrivateFrameworks/ProtocolBuffer.framework/Versions/A/ProtocolBuffer
0x0000000003c97000 	/System/Library/PrivateFrameworks/CommonUtilities.framework/Versions/A/CommonUtilities
0x0000000003c97000 	/System/Library/PrivateFrameworks/Bom.framework/Versions/A/Bom
0x0000000003c97000 	/usr/lib/libAudioToolboxUtility.dylib
0x0000000003c97000 	/System/Library/PrivateFrameworks/Backup.framework/Versions/A/Backup
0x0000000003c97000 	/System/Library/PrivateFrameworks/CrashReporterSupport.framework/Versions/A/CrashReporterSupport
0x0000000003c97000 	/System/Library/PrivateFrameworks/Sharing.framework/Versions/A/Sharing
0x0000000003c97000 	/System/Library/PrivateFrameworks/Apple80211.framework/Versions/A/Apple80211
0x0000000003c97000 	/System/Library/PrivateFrameworks/AuthKit.framework/Versions/A/AuthKit
0x0000000003c97000 	/System/Library/PrivateFrameworks/CoreUtils.framework/Versions/A/CoreUtils
0x0000000003c97000 	/System/Library/Frameworks/CoreWLAN.framework/Versions/A/CoreWLAN
0x0000000003c97000 	/System/Library/Frameworks/IOBluetooth.framework/Versions/A/IOBluetooth
0x0000000003c97000 	/System/Library/PrivateFrameworks/MobileKeyBag.framework/Versions/A/MobileKeyBag
0x0000000003c97000 	/System/Library/PrivateFrameworks/CorePhoneNumbers.framework/Versions/A/CorePhoneNumbers
0x0000000003c97000 	/System/Library/PrivateFrameworks/AppleIDAuthSupport.framework/Versions/A/AppleIDAuthSupport
0x0000000003c97000 	/System/Library/Frameworks/Network.framework/Versions/A/Network
0x0000000003c97000 	/System/Library/PrivateFrameworks/KeychainCircle.framework/Versions/A/KeychainCircle
0x0000000003c97000 	/System/Library/Frameworks/CoreBluetooth.framework/Versions/A/CoreBluetooth
0x0000000003c97000 	/System/Library/PrivateFrameworks/SpeechRecognitionCore.framework/Versions/A/SpeechRecognitionCore
0x0000000003c97000 	/System/Library/CoreServices/Encodings/libSimplifiedChineseConverter.dylib
0x0000000107600000 	/Library/Java/JavaVirtualMachines/jdk1.8.0_144.jdk/Contents/Home/jre/lib/server/libjvm.dylib
0x0000000003c97000 	/usr/lib/libstdc++.6.dylib
0x00000001064a9000 	/Library/Java/JavaVirtualMachines/jdk1.8.0_144.jdk/Contents/Home/jre/lib/libverify.dylib
0x00000001064b7000 	/Library/Java/JavaVirtualMachines/jdk1.8.0_144.jdk/Contents/Home/jre/lib/libjava.dylib
0x0000000106536000 	/Library/Java/JavaVirtualMachines/jdk1.8.0_144.jdk/Contents/Home/jre/lib/libzip.dylib
0x0000000003c97000 	/System/Library/Frameworks/JavaVM.framework/Versions/A/Frameworks/JavaRuntimeSupport.framework/Versions/A/JavaRuntimeSupport
0x0000000003c97000 	/System/Library/Frameworks/JavaVM.framework/Versions/A/Frameworks/JavaNativeFoundation.framework/Versions/A/JavaNativeFoundation
0x0000000003c97000 	/System/Library/Frameworks/JavaVM.framework/Versions/A/JavaVM
0x0000000003c97000 	/System/Library/Frameworks/Carbon.framework/Versions/A/Carbon
0x0000000003c97000 	/System/Library/PrivateFrameworks/CoreSymbolication.framework/Versions/A/CoreSymbolication
0x0000000003c97000 	/System/Library/PrivateFrameworks/JavaLaunching.framework/Versions/A/JavaLaunching
0x0000000003c97000 	/System/Library/Frameworks/Carbon.framework/Versions/A/Frameworks/CommonPanels.framework/Versions/A/CommonPanels
0x0000000003c97000 	/System/Library/Frameworks/Carbon.framework/Versions/A/Frameworks/Help.framework/Versions/A/Help
0x0000000003c97000 	/System/Library/Frameworks/Carbon.framework/Versions/A/Frameworks/ImageCapture.framework/Versions/A/ImageCapture
0x0000000003c97000 	/System/Library/Frameworks/Carbon.framework/Versions/A/Frameworks/OpenScripting.framework/Versions/A/OpenScripting
0x0000000003c97000 	/System/Library/Frameworks/Carbon.framework/Versions/A/Frameworks/Ink.framework/Versions/A/Ink
0x0000000003c97000 	/System/Library/Frameworks/Carbon.framework/Versions/A/Frameworks/Print.framework/Versions/A/Print
0x0000000003c97000 	/System/Library/Frameworks/Carbon.framework/Versions/A/Frameworks/SecurityHI.framework/Versions/A/SecurityHI
0x0000000003c97000 	/System/Library/PrivateFrameworks/DebugSymbols.framework/Versions/A/DebugSymbols

VM Arguments:
jvm_args: -XX:+PrintGCDetails -XX:MaxDirectMemorySize=5m -Xmx10m -Xms10m -Dfile.encoding=UTF-8 
java_command: com.jvm.oom.GcOverheadDemo
java_class_path (initial): /Library/Java/JavaVirtualMachines/jdk1.8.0_144.jdk/Contents/Home/jre/lib/charsets.jar:/Library/Java/JavaVirtualMachines/jdk1.8.0_144.jdk/Contents/Home/jre/lib/deploy.jar:/Library/Java/JavaVirtualMachines/jdk1.8.0_144.jdk/Contents/Home/jre/lib/ext/cldrdata.jar:/Library/Java/JavaVirtualMachines/jdk1.8.0_144.jdk/Contents/Home/jre/lib/ext/dnsns.jar:/Library/Java/JavaVirtualMachines/jdk1.8.0_144.jdk/Contents/Home/jre/lib/ext/jaccess.jar:/Library/Java/JavaVirtualMachines/jdk1.8.0_144.jdk/Contents/Home/jre/lib/ext/jfxrt.jar:/Library/Java/JavaVirtualMachines/jdk1.8.0_144.jdk/Contents/Home/jre/lib/ext/localedata.jar:/Library/Java/JavaVirtualMachines/jdk1.8.0_144.jdk/Contents/Home/jre/lib/ext/nashorn.jar:/Library/Java/JavaVirtualMachines/jdk1.8.0_144.jdk/Contents/Home/jre/lib/ext/sunec.jar:/Library/Java/JavaVirtualMachines/jdk1.8.0_144.jdk/Contents/Home/jre/lib/ext/sunjce_provider.jar:/Library/Java/JavaVirtualMachines/jdk1.8.0_144.jdk/Contents/Home/jre/lib/ext/sunpkcs11.jar:/Library/Java/JavaVirtualMachines/jdk1.8.0_144.jdk/Contents/Home/jre/lib/ext/zipfs.jar:/Library/Java/JavaVirtualMachines/jdk1.8.0_144.jdk/Contents/Home/jre/lib/javaws.jar:/Library/Java/JavaVirtualMachines/jdk1.8.0_144.jdk/Contents/Home/jre/lib/jce.jar:/Library/Java/JavaVirtualMachines/jdk1.8.0_144.jdk/Contents/Home/jre/lib/jfr.jar:/Library/Java/JavaVirtualMachines/jdk1.8.0_144.jdk/Contents/Home/jre/lib/jfxswt.jar:/Library/Java/JavaVirtualMachines/jdk1.8.0_144.jdk/Contents/Home/jre/lib/jsse.jar:/Library/Java/JavaVirtualMachines/jdk1.8.0_144.jdk/Contents/Home/jre/lib/management-agent.jar:/Library/Java/JavaVirtualMachines/jdk1.8.0_144.jdk/Contents/Home/jre/lib/plugin.jar:/Library/Java/JavaVirtualMachines/jdk1.8.0_144.jdk/Contents/Home/jre/lib/resources.jar:/Library/Java/JavaVirtualMachines/jdk1.8.0_144.jdk/Contents/Home/jre/lib/rt.jar:/Library/Java/JavaVirtualMachines/jdk1.8.0_144.jdk/Contents/Home/lib/ant-javafx.jar:/Library/Java/JavaVirtualMachines/jdk1.8.0_144.jdk/Contents/Home
Launcher Type: SUN_STANDARD

Environment Variables:
PATH=/usr/local/opt/openssl/bin:.:/Users/nj/build/java/apache-maven-3.5.4/bin:/Library/Java/JavaVirtualMachines/jdk1.8.0_144.jdk/Contents/Home/bin:/Users/nj/build/java/apache-tomcat-9.0.10/bin:/bin:/usr/local/bin:/usr/bin:/usr/local/bin:/usr/bin:/bin:/usr/sbin:/sbin:/Library/Apple/usr/bin
SHELL=/bin/bash

Signal Handlers:
SIGSEGV: [libjvm.dylib+0x5b26e5], sa_mask[0]=11111111011111110111111111111111, sa_flags=SA_ONSTACK|SA_RESTART|SA_SIGINFO
SIGBUS: [libjvm.dylib+0x5b26e5], sa_mask[0]=11111111011111110111111111111111, sa_flags=SA_RESTART|SA_SIGINFO
SIGFPE: [libjvm.dylib+0x489100], sa_mask[0]=11111111011111110111111111111111, sa_flags=SA_RESTART|SA_SIGINFO
SIGPIPE: [libjvm.dylib+0x489100], sa_mask[0]=11111111011111110111111111111111, sa_flags=SA_RESTART|SA_SIGINFO
SIGXFSZ: [libjvm.dylib+0x489100], sa_mask[0]=11111111011111110111111111111111, sa_flags=SA_RESTART|SA_SIGINFO
SIGILL: [libjvm.dylib+0x489100], sa_mask[0]=11111111011111110111111111111111, sa_flags=SA_RESTART|SA_SIGINFO
SIGUSR1: SIG_DFL, sa_mask[0]=00000000000000000000000000000000, sa_flags=none
SIGUSR2: [libjvm.dylib+0x488c1e], sa_mask[0]=00100000000000000000000000000000, sa_flags=SA_RESTART|SA_SIGINFO
SIGHUP: [libjvm.dylib+0x4871f5], sa_mask[0]=11111111011111110111111111111111, sa_flags=SA_RESTART|SA_SIGINFO
SIGINT: [libjvm.dylib+0x4871f5], sa_mask[0]=11111111011111110111111111111111, sa_flags=SA_RESTART|SA_SIGINFO
SIGTERM: [libjvm.dylib+0x4871f5], sa_mask[0]=11111111011111110111111111111111, sa_flags=SA_RESTART|SA_SIGINFO
SIGQUIT: [libjvm.dylib+0x4871f5], sa_mask[0]=11111111011111110111111111111111, sa_flags=SA_RESTART|SA_SIGINFO


---------------  S Y S T E M  ---------------

OS:Bsduname:Darwin 19.6.0 Darwin Kernel Version 19.6.0: Mon Aug 31 22:12:52 PDT 2020; root:xnu-6153.141.2~1/RELEASE_X86_64 x86_64
rlimit: STACK 8192k, CORE 0k, NPROC 2784, NOFILE 10240, AS infinity
load average:2.60 2.62 2.51

CPU:total 8 (initial active 8) (4 cores per cpu, 2 threads per core) family 6 model 70 stepping 1, cmov, cx8, fxsr, mmx, sse, sse2, sse3, ssse3, sse4.1, sse4.2, popcnt, avx, avx2, aes, clmul, erms, lzcnt, ht, tsc, tscinvbit, bmi1, bmi2

Memory: 4k page, physical 16777216k(1940492k free)

/proc/meminfo:


vm_info: Java HotSpot(TM) 64-Bit Server VM (25.144-b01) for bsd-amd64 JRE (1.8.0_144-b01), built on Jul 21 2017 22:07:42 by "java_re" with gcc 4.2.1 (Based on Apple Inc. build 5658) (LLVM build 2336.11.00)

time: Sun Mar 28 19:58:58 2021
elapsed time: 1 seconds (0d 0h 0m 1s)

